This is pdfTeX, Version 3.141592653-2.6-1.40.26 (TeX Live 2024) (preloaded format=pdflatex 2024.5.24)  2 AUG 2024 18:43
entering extended mode
 restricted \write18 enabled.
 file:line:error style messages enabled.
 %&-line parsing enabled.
**/Users/pjose/Desktop/PFG/Memoria/Memoria/main.tex
(/Users/pjose/Desktop/PFG/Memoria/Memoria/main.tex
LaTeX2e <2023-11-01> patch level 1
L3 programming layer <2024-02-20>
(/usr/local/texlive/2024/texmf-dist/tex/latex/base/article.cls
Document Class: article 2023/05/17 v1.4n Standard LaTeX document class
(/usr/local/texlive/2024/texmf-dist/tex/latex/base/size11.clo
File: size11.clo 2023/05/17 v1.4n Standard LaTeX file (size option)
)
\c@part=\count188
\c@section=\count189
\c@subsection=\count190
\c@subsubsection=\count191
\c@paragraph=\count192
\c@subparagraph=\count193
\c@figure=\count194
\c@table=\count195
\abovecaptionskip=\skip48
\belowcaptionskip=\skip49
\bibindent=\dimen140
) (/usr/local/texlive/2024/texmf-dist/tex/latex/base/inputenc.sty
Package: inputenc 2021/02/14 v1.3d Input encoding file
\inpenc@prehook=\toks17
\inpenc@posthook=\toks18
) (/usr/local/texlive/2024/texmf-dist/tex/latex/graphics/graphicx.sty
Package: graphicx 2021/09/16 v1.2d Enhanced LaTeX Graphics (DPC,SPQR)
 (/usr/local/texlive/2024/texmf-dist/tex/latex/graphics/keyval.sty
Package: keyval 2022/05/29 v1.15 key=value parser (DPC)
\KV@toks@=\toks19
) (/usr/local/texlive/2024/texmf-dist/tex/latex/graphics/graphics.sty
Package: graphics 2022/03/10 v1.4e Standard LaTeX Graphics (DPC,SPQR)
 (/usr/local/texlive/2024/texmf-dist/tex/latex/graphics/trig.sty
Package: trig 2021/08/11 v1.11 sin cos tan (DPC)
) (/usr/local/texlive/2024/texmf-dist/tex/latex/graphics-cfg/graphics.cfg
File: graphics.cfg 2016/06/04 v1.11 sample graphics configuration
)
Package graphics Info: Driver file: pdftex.def on input line 107.
 (/usr/local/texlive/2024/texmf-dist/tex/latex/graphics-def/pdftex.def
File: pdftex.def 2022/09/22 v1.2b Graphics/color driver for pdftex
))
\Gin@req@height=\dimen141
\Gin@req@width=\dimen142
) (/usr/local/texlive/2024/texmf-dist/tex/latex/hyperref/hyperref.sty
Package: hyperref 2024-01-20 v7.01h Hypertext links for LaTeX
 (/usr/local/texlive/2024/texmf-dist/tex/generic/iftex/iftex.sty
Package: iftex 2022/02/03 v1.0f TeX engine tests
) (/usr/local/texlive/2024/texmf-dist/tex/latex/kvsetkeys/kvsetkeys.sty
Package: kvsetkeys 2022-10-05 v1.19 Key value parser (HO)
) (/usr/local/texlive/2024/texmf-dist/tex/generic/kvdefinekeys/kvdefinekeys.sty
Package: kvdefinekeys 2019-12-19 v1.6 Define keys (HO)
) (/usr/local/texlive/2024/texmf-dist/tex/generic/pdfescape/pdfescape.sty
Package: pdfescape 2019/12/09 v1.15 Implements pdfTeX's escape features (HO)
 (/usr/local/texlive/2024/texmf-dist/tex/generic/ltxcmds/ltxcmds.sty
Package: ltxcmds 2023-12-04 v1.26 LaTeX kernel commands for general use (HO)
) (/usr/local/texlive/2024/texmf-dist/tex/generic/pdftexcmds/pdftexcmds.sty
Package: pdftexcmds 2020-06-27 v0.33 Utility functions of pdfTeX for LuaTeX (HO)
 (/usr/local/texlive/2024/texmf-dist/tex/generic/infwarerr/infwarerr.sty
Package: infwarerr 2019/12/03 v1.5 Providing info/warning/error messages (HO)
)
Package pdftexcmds Info: \pdf@primitive is available.
Package pdftexcmds Info: \pdf@ifprimitive is available.
Package pdftexcmds Info: \pdfdraftmode found.
)) (/usr/local/texlive/2024/texmf-dist/tex/latex/hycolor/hycolor.sty
Package: hycolor 2020-01-27 v1.10 Color options for hyperref/bookmark (HO)
) (/usr/local/texlive/2024/texmf-dist/tex/latex/auxhook/auxhook.sty
Package: auxhook 2019-12-17 v1.6 Hooks for auxiliary files (HO)
) (/usr/local/texlive/2024/texmf-dist/tex/latex/hyperref/nameref.sty
Package: nameref 2023-11-26 v2.56 Cross-referencing by name of section
 (/usr/local/texlive/2024/texmf-dist/tex/latex/refcount/refcount.sty
Package: refcount 2019/12/15 v3.6 Data extraction from label references (HO)
) (/usr/local/texlive/2024/texmf-dist/tex/generic/gettitlestring/gettitlestring.sty
Package: gettitlestring 2019/12/15 v1.6 Cleanup title references (HO)
 (/usr/local/texlive/2024/texmf-dist/tex/latex/kvoptions/kvoptions.sty
Package: kvoptions 2022-06-15 v3.15 Key value format for package options (HO)
))
\c@section@level=\count196
) (/usr/local/texlive/2024/texmf-dist/tex/latex/etoolbox/etoolbox.sty
Package: etoolbox 2020/10/05 v2.5k e-TeX tools for LaTeX (JAW)
\etb@tempcnta=\count197
)
\@linkdim=\dimen143
\Hy@linkcounter=\count198
\Hy@pagecounter=\count199
 (/usr/local/texlive/2024/texmf-dist/tex/latex/hyperref/pd1enc.def
File: pd1enc.def 2024-01-20 v7.01h Hyperref: PDFDocEncoding definition (HO)
Now handling font encoding PD1 ...
... no UTF-8 mapping file for font encoding PD1
) (/usr/local/texlive/2024/texmf-dist/tex/generic/intcalc/intcalc.sty
Package: intcalc 2019/12/15 v1.3 Expandable calculations with integers (HO)
)
\Hy@SavedSpaceFactor=\count266
 (/usr/local/texlive/2024/texmf-dist/tex/latex/hyperref/puenc.def
File: puenc.def 2024-01-20 v7.01h Hyperref: PDF Unicode definition (HO)
Now handling font encoding PU ...
... no UTF-8 mapping file for font encoding PU
)
Package hyperref Info: Hyper figures OFF on input line 4179.
Package hyperref Info: Link nesting OFF on input line 4184.
Package hyperref Info: Hyper index ON on input line 4187.
Package hyperref Info: Plain pages OFF on input line 4194.
Package hyperref Info: Backreferencing OFF on input line 4199.
Package hyperref Info: Implicit mode ON; LaTeX internals redefined.
Package hyperref Info: Bookmarks ON on input line 4446.
\c@Hy@tempcnt=\count267
 (/usr/local/texlive/2024/texmf-dist/tex/latex/url/url.sty
\Urlmuskip=\muskip16
Package: url 2013/09/16  ver 3.4  Verb mode for urls, etc.
)
LaTeX Info: Redefining \url on input line 4784.
\XeTeXLinkMargin=\dimen144
 (/usr/local/texlive/2024/texmf-dist/tex/generic/bitset/bitset.sty
Package: bitset 2019/12/09 v1.3 Handle bit-vector datatype (HO)
 (/usr/local/texlive/2024/texmf-dist/tex/generic/bigintcalc/bigintcalc.sty
Package: bigintcalc 2019/12/15 v1.5 Expandable calculations on big integers (HO)
))
\Fld@menulength=\count268
\Field@Width=\dimen145
\Fld@charsize=\dimen146
Package hyperref Info: Hyper figures OFF on input line 6063.
Package hyperref Info: Link nesting OFF on input line 6068.
Package hyperref Info: Hyper index ON on input line 6071.
Package hyperref Info: backreferencing OFF on input line 6078.
Package hyperref Info: Link coloring OFF on input line 6083.
Package hyperref Info: Link coloring with OCG OFF on input line 6088.
Package hyperref Info: PDF/A mode OFF on input line 6093.
 (/usr/local/texlive/2024/texmf-dist/tex/latex/base/atbegshi-ltx.sty
Package: atbegshi-ltx 2021/01/10 v1.0c Emulation of the original atbegshi
package with kernel methods
)
\Hy@abspage=\count269
\c@Item=\count270
\c@Hfootnote=\count271
)
Package hyperref Info: Driver (autodetected): hpdftex.
 (/usr/local/texlive/2024/texmf-dist/tex/latex/hyperref/hpdftex.def
File: hpdftex.def 2024-01-20 v7.01h Hyperref driver for pdfTeX
 (/usr/local/texlive/2024/texmf-dist/tex/latex/base/atveryend-ltx.sty
Package: atveryend-ltx 2020/08/19 v1.0a Emulation of the original atveryend package
with kernel methods
)
\Fld@listcount=\count272
\c@bookmark@seq@number=\count273
 (/usr/local/texlive/2024/texmf-dist/tex/latex/rerunfilecheck/rerunfilecheck.sty
Package: rerunfilecheck 2022-07-10 v1.10 Rerun checks for auxiliary files (HO)
 (/usr/local/texlive/2024/texmf-dist/tex/generic/uniquecounter/uniquecounter.sty
Package: uniquecounter 2019/12/15 v1.4 Provide unlimited unique counter (HO)
)
Package uniquecounter Info: New unique counter `rerunfilecheck' on input line 285.
)
\Hy@SectionHShift=\skip50
) (/usr/local/texlive/2024/texmf-dist/tex/latex/geometry/geometry.sty
Package: geometry 2020/01/02 v5.9 Page Geometry
 (/usr/local/texlive/2024/texmf-dist/tex/generic/iftex/ifvtex.sty
Package: ifvtex 2019/10/25 v1.7 ifvtex legacy package. Use iftex instead.
)
\Gm@cnth=\count274
\Gm@cntv=\count275
\c@Gm@tempcnt=\count276
\Gm@bindingoffset=\dimen147
\Gm@wd@mp=\dimen148
\Gm@odd@mp=\dimen149
\Gm@even@mp=\dimen150
\Gm@layoutwidth=\dimen151
\Gm@layoutheight=\dimen152
\Gm@layouthoffset=\dimen153
\Gm@layoutvoffset=\dimen154
\Gm@dimlist=\toks20
) (/usr/local/texlive/2024/texmf-dist/tex/latex/ragged2e/ragged2e.sty
Package: ragged2e 2023/06/22 v3.6 ragged2e Package
\CenteringLeftskip=\skip51
\RaggedLeftLeftskip=\skip52
\RaggedRightLeftskip=\skip53
\CenteringRightskip=\skip54
\RaggedLeftRightskip=\skip55
\RaggedRightRightskip=\skip56
\CenteringParfillskip=\skip57
\RaggedLeftParfillskip=\skip58
\RaggedRightParfillskip=\skip59
\JustifyingParfillskip=\skip60
\CenteringParindent=\skip61
\RaggedLeftParindent=\skip62
\RaggedRightParindent=\skip63
\JustifyingParindent=\skip64
) (/usr/local/texlive/2024/texmf-dist/tex/latex/setspace/setspace.sty
Package: setspace 2022/12/04 v6.7b set line spacing
) (/usr/local/texlive/2024/texmf-dist/tex/latex/anyfontsize/anyfontsize.sty
Package: anyfontsize 2007/11/22 anyfontsize.sty by pts
) (/usr/local/texlive/2024/texmf-dist/tex/latex/tocloft/tocloft.sty
Package: tocloft 2017/08/31 v2.3i parameterised ToC, etc., typesetting
Package tocloft Info: The document has section divisions on input line 51.
\cftparskip=\skip65
\cftbeforetoctitleskip=\skip66
\cftaftertoctitleskip=\skip67
\cftbeforepartskip=\skip68
\cftpartnumwidth=\skip69
\cftpartindent=\skip70
\cftbeforesecskip=\skip71
\cftsecindent=\skip72
\cftsecnumwidth=\skip73
\cftbeforesubsecskip=\skip74
\cftsubsecindent=\skip75
\cftsubsecnumwidth=\skip76
\cftbeforesubsubsecskip=\skip77
\cftsubsubsecindent=\skip78
\cftsubsubsecnumwidth=\skip79
\cftbeforeparaskip=\skip80
\cftparaindent=\skip81
\cftparanumwidth=\skip82
\cftbeforesubparaskip=\skip83
\cftsubparaindent=\skip84
\cftsubparanumwidth=\skip85
\cftbeforeloftitleskip=\skip86
\cftafterloftitleskip=\skip87
\cftbeforefigskip=\skip88
\cftfigindent=\skip89
\cftfignumwidth=\skip90
\c@lofdepth=\count277
\c@lotdepth=\count278
\cftbeforelottitleskip=\skip91
\cftafterlottitleskip=\skip92
\cftbeforetabskip=\skip93
\cfttabindent=\skip94
\cfttabnumwidth=\skip95
) (/usr/local/texlive/2024/texmf-dist/tex/latex/titlesec/titlesec.sty
Package: titlesec 2023/10/27 v2.16 Sectioning titles
\ttl@box=\box51
\beforetitleunit=\skip96
\aftertitleunit=\skip97
\ttl@plus=\dimen155
\ttl@minus=\dimen156
\ttl@toksa=\toks21
\titlewidth=\dimen157
\titlewidthlast=\dimen158
\titlewidthfirst=\dimen159
) (/usr/local/texlive/2024/texmf-dist/tex/latex/parskip/parskip.sty
Package: parskip 2021-03-14 v2.0h non-zero parskip adjustments
) (/usr/local/texlive/2024/texmf-dist/tex/latex/tools/indentfirst.sty
Package: indentfirst 2023/07/02 v1.03 Indent first paragraph (DPC)
) (/usr/local/texlive/2024/texmf-dist/tex/latex/base/textcomp.sty
Package: textcomp 2020/02/02 v2.0n Standard LaTeX package
) (/usr/local/texlive/2024/texmf-dist/tex/generic/babel/babel.sty
Package: babel 2024/02/07 v24.2 The Babel package
\babel@savecnt=\count279
\U@D=\dimen160
\l@unhyphenated=\language89
 (/usr/local/texlive/2024/texmf-dist/tex/generic/babel/txtbabel.def)
\bbl@readstream=\read2
\bbl@dirlevel=\count280
 (/usr/local/texlive/2024/texmf-dist/tex/generic/babel-spanish/spanish.ldf
Language: spanish.ldf 2021/05/27 v5.0q Spanish support from the babel system
\es@quottoks=\toks22
\es@quotdepth=\count281
Package babel Info: Making " an active character on input line 570.
Package babel Info: Making . an active character on input line 675.
Package babel Info: Making < an active character on input line 722.
Package babel Info: Making > an active character on input line 722.
)) (/usr/local/texlive/2024/texmf-dist/tex/generic/babel/locale/es/babel-spanish.tex
Package babel Info: Importing font and identification data for spanish
(babel)             from babel-es.ini. Reported on input line 11.
) (/usr/local/texlive/2024/texmf-dist/tex/latex/caption/caption.sty
Package: caption 2023/08/05 v3.6o Customizing captions (AR)
 (/usr/local/texlive/2024/texmf-dist/tex/latex/caption/caption3.sty
Package: caption3 2023/07/31 v2.4d caption3 kernel (AR)
\caption@tempdima=\dimen161
\captionmargin=\dimen162
\caption@leftmargin=\dimen163
\caption@rightmargin=\dimen164
\caption@width=\dimen165
\caption@indent=\dimen166
\caption@parindent=\dimen167
\caption@hangindent=\dimen168
Package caption Info: Standard document class detected.
)
\c@caption@flags=\count282
\c@continuedfloat=\count283
Package caption Info: hyperref package is loaded.
) (/usr/local/texlive/2024/texmf-dist/tex/latex/natbib/natbib.sty
Package: natbib 2010/09/13 8.31b (PWD, AO)
\bibhang=\skip98
\bibsep=\skip99
LaTeX Info: Redefining \cite on input line 694.
\c@NAT@ctr=\count284
) (/usr/local/texlive/2024/texmf-dist/tex/latex/float/float.sty
Package: float 2001/11/08 v1.3d Float enhancements (AL)
\c@float@type=\count285
\float@exts=\toks23
\float@box=\box52
\@float@everytoks=\toks24
\@floatcapt=\box53
) (/usr/local/texlive/2024/texmf-dist/tex/latex/enumitem/enumitem.sty
Package: enumitem 2019/06/20 v3.9 Customized lists
\labelindent=\skip100
\enit@outerparindent=\dimen169
\enit@toks=\toks25
\enit@inbox=\box54
\enit@count@id=\count286
\enitdp@description=\count287
) (/usr/local/texlive/2024/texmf-dist/tex/latex/amsmath/amsmath.sty
Package: amsmath 2023/05/13 v2.17o AMS math features
\@mathmargin=\skip101

For additional information on amsmath, use the `?' option.
(/usr/local/texlive/2024/texmf-dist/tex/latex/amsmath/amstext.sty
Package: amstext 2021/08/26 v2.01 AMS text
 (/usr/local/texlive/2024/texmf-dist/tex/latex/amsmath/amsgen.sty
File: amsgen.sty 1999/11/30 v2.0 generic functions
\@emptytoks=\toks26
\ex@=\dimen170
)) (/usr/local/texlive/2024/texmf-dist/tex/latex/amsmath/amsbsy.sty
Package: amsbsy 1999/11/29 v1.2d Bold Symbols
\pmbraise@=\dimen171
) (/usr/local/texlive/2024/texmf-dist/tex/latex/amsmath/amsopn.sty
Package: amsopn 2022/04/08 v2.04 operator names
)
\inf@bad=\count288
LaTeX Info: Redefining \frac on input line 234.
\uproot@=\count289
\leftroot@=\count290
LaTeX Info: Redefining \overline on input line 399.
LaTeX Info: Redefining \colon on input line 410.
\classnum@=\count291
\DOTSCASE@=\count292
LaTeX Info: Redefining \ldots on input line 496.
LaTeX Info: Redefining \dots on input line 499.
LaTeX Info: Redefining \cdots on input line 620.
\Mathstrutbox@=\box55
\strutbox@=\box56
LaTeX Info: Redefining \big on input line 722.
LaTeX Info: Redefining \Big on input line 723.
LaTeX Info: Redefining \bigg on input line 724.
LaTeX Info: Redefining \Bigg on input line 725.
\big@size=\dimen172
LaTeX Font Info:    Redeclaring font encoding OML on input line 743.
LaTeX Font Info:    Redeclaring font encoding OMS on input line 744.
\macc@depth=\count293
LaTeX Info: Redefining \bmod on input line 905.
LaTeX Info: Redefining \pmod on input line 910.
LaTeX Info: Redefining \smash on input line 940.
LaTeX Info: Redefining \relbar on input line 970.
LaTeX Info: Redefining \Relbar on input line 971.
\c@MaxMatrixCols=\count294
\dotsspace@=\muskip17
\c@parentequation=\count295
\dspbrk@lvl=\count296
\tag@help=\toks27
\row@=\count297
\column@=\count298
\maxfields@=\count299
\andhelp@=\toks28
\eqnshift@=\dimen173
\alignsep@=\dimen174
\tagshift@=\dimen175
\tagwidth@=\dimen176
\totwidth@=\dimen177
\lineht@=\dimen178
\@envbody=\toks29
\multlinegap=\skip102
\multlinetaggap=\skip103
\mathdisplay@stack=\toks30
LaTeX Info: Redefining \[ on input line 2953.
LaTeX Info: Redefining \] on input line 2954.
) (/usr/local/texlive/2024/texmf-dist/tex/latex/amsfonts/amssymb.sty
Package: amssymb 2013/01/14 v3.01 AMS font symbols
 (/usr/local/texlive/2024/texmf-dist/tex/latex/amsfonts/amsfonts.sty
Package: amsfonts 2013/01/14 v3.01 Basic AMSFonts support
\symAMSa=\mathgroup4
\symAMSb=\mathgroup5
LaTeX Font Info:    Redeclaring math symbol \hbar on input line 98.
LaTeX Font Info:    Overwriting math alphabet `\mathfrak' in version `bold'
(Font)                  U/euf/m/n --> U/euf/b/n on input line 106.
)) (/usr/local/texlive/2024/texmf-dist/tex/latex/matlab-prettifier/matlab-prettifier.sty
Package: matlab-prettifier 2014/06/19 v0.3 A package for prettyprinting Matlab source code
 (/usr/local/texlive/2024/texmf-dist/tex/latex/xcolor/xcolor.sty
Package: xcolor 2023/11/15 v3.01 LaTeX color extensions (UK)
 (/usr/local/texlive/2024/texmf-dist/tex/latex/graphics-cfg/color.cfg
File: color.cfg 2016/01/02 v1.6 sample color configuration
)
Package xcolor Info: Driver file: pdftex.def on input line 274.
 (/usr/local/texlive/2024/texmf-dist/tex/latex/graphics/mathcolor.ltx)
Package xcolor Info: Model `cmy' substituted by `cmy0' on input line 1350.
Package xcolor Info: Model `hsb' substituted by `rgb' on input line 1354.
Package xcolor Info: Model `RGB' extended on input line 1366.
Package xcolor Info: Model `HTML' substituted by `rgb' on input line 1368.
Package xcolor Info: Model `Hsb' substituted by `hsb' on input line 1369.
Package xcolor Info: Model `tHsb' substituted by `hsb' on input line 1370.
Package xcolor Info: Model `HSB' substituted by `hsb' on input line 1371.
Package xcolor Info: Model `Gray' substituted by `gray' on input line 1372.
Package xcolor Info: Model `wave' substituted by `hsb' on input line 1373.
) (/usr/local/texlive/2024/texmf-dist/tex/latex/listings/listings.sty
\lst@mode=\count300
\lst@gtempboxa=\box57
\lst@token=\toks31
\lst@length=\count301
\lst@currlwidth=\dimen179
\lst@column=\count302
\lst@pos=\count303
\lst@lostspace=\dimen180
\lst@width=\dimen181
\lst@newlines=\count304
\lst@lineno=\count305
\lst@maxwidth=\dimen182
 (/usr/local/texlive/2024/texmf-dist/tex/latex/listings/lstpatch.sty
File: lstpatch.sty 2024/02/21 1.10 (Carsten Heinz)
) (/usr/local/texlive/2024/texmf-dist/tex/latex/listings/lstmisc.sty
File: lstmisc.sty 2024/02/21 1.10 (Carsten Heinz)
\c@lstnumber=\count306
\lst@skipnumbers=\count307
\lst@framebox=\box58
) (/usr/local/texlive/2024/texmf-dist/tex/latex/listings/listings.cfg
File: listings.cfg 2024/02/21 1.10 listings configuration
))
Package: listings 2024/02/21 1.10 (Carsten Heinz)
\netBracketCount@mlpr=\count308
\blkLvl@mlpr=\count309
\blkLvlAtClassdef@mlpr=\count310
\emHeight@mlpr=\skip104
\jayDepth@mlpr=\skip105
\sectionRuleOffset@mlpr=\skip106
\toks@mlpr=\toks32
) (/usr/local/texlive/2024/texmf-dist/tex/latex/tools/array.sty
Package: array 2023/10/16 v2.5g Tabular extension package (FMi)
\col@sep=\dimen183
\ar@mcellbox=\box59
\extrarowheight=\dimen184
\NC@list=\toks33
\extratabsurround=\skip107
\backup@length=\skip108
\ar@cellbox=\box60
) (/usr/local/texlive/2024/texmf-dist/tex/latex/pdfpages/pdfpages.sty
Package: pdfpages 2024/01/21 v0.5y Insert pages of external PDF documents (AM)
 (/usr/local/texlive/2024/texmf-dist/tex/latex/base/ifthen.sty
Package: ifthen 2022/04/13 v1.1d Standard LaTeX ifthen package (DPC)
) (/usr/local/texlive/2024/texmf-dist/tex/latex/tools/calc.sty
Package: calc 2023/07/08 v4.3 Infix arithmetic (KKT,FJ)
\calc@Acount=\count311
\calc@Bcount=\count312
\calc@Adimen=\dimen185
\calc@Bdimen=\dimen186
\calc@Askip=\skip109
\calc@Bskip=\skip110
LaTeX Info: Redefining \setlength on input line 80.
LaTeX Info: Redefining \addtolength on input line 81.
\calc@Ccount=\count313
\calc@Cskip=\skip111
) (/usr/local/texlive/2024/texmf-dist/tex/latex/eso-pic/eso-pic.sty
Package: eso-pic 2023/05/03 v3.0c eso-pic (RN)
\ESO@tempdima=\dimen187
\ESO@tempdimb=\dimen188
)
\AM@pagewidth=\dimen189
\AM@pageheight=\dimen190
\AM@fboxrule=\dimen191
 (/usr/local/texlive/2024/texmf-dist/tex/latex/pdfpages/pppdftex.def
File: pppdftex.def 2024/01/21 v0.5y Pdfpages driver for pdfTeX (AM)
)
\pdfpages@includegraphics@status=\count314
\AM@pagebox=\box61
\AM@global@opts=\toks34
\AM@pagecnt=\count315
\AM@toc@title=\toks35
\AM@lof@heading=\toks36
\c@AM@survey=\count316
\AM@templatesizebox=\box62
) (/usr/local/texlive/2024/texmf-dist/tex/latex/colortbl/colortbl.sty
Package: colortbl 2024/02/20 v1.0g Color table columns (DPC)
\everycr=\toks37
\minrowclearance=\skip112
\rownum=\count317
) (/usr/local/texlive/2024/texmf-dist/tex/latex/multirow/multirow.sty
Package: multirow 2021/03/15 v2.8 Span multiple rows of a table
\multirow@colwidth=\skip113
\multirow@cntb=\count318
\multirow@dima=\skip114
\bigstrutjot=\dimen192
) (/usr/local/texlive/2024/texmf-dist/tex/latex/tools/tabularx.sty
Package: tabularx 2023/07/08 v2.11c `tabularx' package (DPC)
\TX@col@width=\dimen193
\TX@old@table=\dimen194
\TX@old@col=\dimen195
\TX@target=\dimen196
\TX@delta=\dimen197
\TX@cols=\count319
\TX@ftn=\toks38
) (/usr/local/texlive/2024/texmf-dist/tex/latex/pdflscape/pdflscape.sty
Package: pdflscape 2022-10-27 v0.13 Display of landscape pages in PDF
 (/usr/local/texlive/2024/texmf-dist/tex/latex/pdflscape/pdflscape-nometadata.sty
Package: pdflscape-nometadata 2022-10-28 v0.13 Display of landscape pages in PDF (HO)
 (/usr/local/texlive/2024/texmf-dist/tex/latex/graphics/lscape.sty
Package: lscape 2020/05/28 v3.02 Landscape Pages (DPC)
)
Package pdflscape Info: Auto-detected driver: pdftex on input line 81.
)) (/usr/local/texlive/2024/texmf-dist/tex/latex/tools/afterpage.sty
Package: afterpage 2023/07/04 v1.08 After-Page Package (DPC)
\AP@output=\toks39
\AP@partial=\box63
\AP@footins=\box64
) (/usr/local/texlive/2024/texmf-dist/tex/latex/arydshln/arydshln.sty
Package: arydshln 2019/02/21 v1.76 
\dashlinedash=\dimen198
\dashlinegap=\dimen199
\adl@box=\box65
\adl@height=\dimen256
\adl@heightsave=\dimen257
\adl@depth=\dimen258
\adl@depthsave=\dimen259
\adl@finaldepth=\dimen260
\adl@columns=\count320
\adl@ncol=\count321
\adl@currentcolumn=\count322
\adl@currentcolumnsave=\count323
\adl@totalheight=\count324
\adl@totalheightsave=\count325
\adl@dash=\count326
\adl@gap=\count327
\adl@cla=\count328
\adl@clb=\count329
\adl@everyvbox=\toks40
\adl@LTpagetotal=\dimen261
) (/usr/local/texlive/2024/texmf-dist/tex/latex/fontawesome/fontawesome.sty
Package: fontawesome 2016/05/15 v4.6.3.1 font awesome icons
 (/usr/local/texlive/2024/texmf-dist/tex/generic/iftex/ifxetex.sty
Package: ifxetex 2019/10/25 v0.7 ifxetex legacy package. Use iftex instead.
) (/usr/local/texlive/2024/texmf-dist/tex/generic/iftex/ifluatex.sty
Package: ifluatex 2019/10/25 v1.5 ifluatex legacy package. Use iftex instead.
) (/usr/local/texlive/2024/texmf-dist/tex/latex/fontawesome/fontawesomesymbols-generic.tex) (/usr/local/texlive/2024/texmf-dist/tex/latex/fontawesome/fontawesomesymbols-pdftex.tex)) (/usr/local/texlive/2024/texmf-dist/tex/latex/adjustbox/adjustbox.sty
Package: adjustbox 2022/10/17 v1.3a Adjusting TeX boxes (trim, clip, ...)
 (/usr/local/texlive/2024/texmf-dist/tex/latex/xkeyval/xkeyval.sty
Package: xkeyval 2022/06/16 v2.9 package option processing (HA)
 (/usr/local/texlive/2024/texmf-dist/tex/generic/xkeyval/xkeyval.tex (/usr/local/texlive/2024/texmf-dist/tex/generic/xkeyval/xkvutils.tex
\XKV@toks=\toks41
\XKV@tempa@toks=\toks42
)
\XKV@depth=\count330
File: xkeyval.tex 2014/12/03 v2.7a key=value parser (HA)
)) (/usr/local/texlive/2024/texmf-dist/tex/latex/adjustbox/adjcalc.sty
Package: adjcalc 2012/05/16 v1.1 Provides advanced setlength with multiple back-ends (calc, etex, pgfmath)
) (/usr/local/texlive/2024/texmf-dist/tex/latex/adjustbox/trimclip.sty
Package: trimclip 2020/08/19 v1.2 Trim and clip general TeX material
 (/usr/local/texlive/2024/texmf-dist/tex/latex/collectbox/collectbox.sty
Package: collectbox 2022/10/17 v0.4c Collect macro arguments as boxes
\collectedbox=\box66
)
\tc@llx=\dimen262
\tc@lly=\dimen263
\tc@urx=\dimen264
\tc@ury=\dimen265
Package trimclip Info: Using driver 'tc-pdftex.def'.
 (/usr/local/texlive/2024/texmf-dist/tex/latex/adjustbox/tc-pdftex.def
File: tc-pdftex.def 2019/01/04 v2.2 Clipping driver for pdftex
))
\adjbox@Width=\dimen266
\adjbox@Height=\dimen267
\adjbox@Depth=\dimen268
\adjbox@Totalheight=\dimen269
\adjbox@pwidth=\dimen270
\adjbox@pheight=\dimen271
\adjbox@pdepth=\dimen272
\adjbox@ptotalheight=\dimen273
 (/usr/local/texlive/2024/texmf-dist/tex/latex/ifoddpage/ifoddpage.sty
Package: ifoddpage 2022/10/18 v1.2 Conditionals for odd/even page detection
\c@checkoddpage=\count331
) (/usr/local/texlive/2024/texmf-dist/tex/latex/varwidth/varwidth.sty
Package: varwidth 2009/03/30 ver 0.92;  Variable-width minipages
\@vwid@box=\box67
\sift@deathcycles=\count332
\@vwid@loff=\dimen274
\@vwid@roff=\dimen275
)) (/usr/local/texlive/2024/texmf-dist/tex/latex/background/background.sty
Package: background 2014/03/04 v2.1 background material
 (/usr/local/texlive/2024/texmf-dist/tex/latex/pgf/frontendlayer/tikz.sty (/usr/local/texlive/2024/texmf-dist/tex/latex/pgf/basiclayer/pgf.sty (/usr/local/texlive/2024/texmf-dist/tex/latex/pgf/utilities/pgfrcs.sty (/usr/local/texlive/2024/texmf-dist/tex/generic/pgf/utilities/pgfutil-common.tex
\pgfutil@everybye=\toks43
\pgfutil@tempdima=\dimen276
\pgfutil@tempdimb=\dimen277
) (/usr/local/texlive/2024/texmf-dist/tex/generic/pgf/utilities/pgfutil-latex.def
\pgfutil@abb=\box68
) (/usr/local/texlive/2024/texmf-dist/tex/generic/pgf/utilities/pgfrcs.code.tex (/usr/local/texlive/2024/texmf-dist/tex/generic/pgf/pgf.revision.tex)
Package: pgfrcs 2023-01-15 v3.1.10 (3.1.10)
))
Package: pgf 2023-01-15 v3.1.10 (3.1.10)
 (/usr/local/texlive/2024/texmf-dist/tex/latex/pgf/basiclayer/pgfcore.sty (/usr/local/texlive/2024/texmf-dist/tex/latex/pgf/systemlayer/pgfsys.sty (/usr/local/texlive/2024/texmf-dist/tex/generic/pgf/systemlayer/pgfsys.code.tex
Package: pgfsys 2023-01-15 v3.1.10 (3.1.10)
 (/usr/local/texlive/2024/texmf-dist/tex/generic/pgf/utilities/pgfkeys.code.tex
\pgfkeys@pathtoks=\toks44
\pgfkeys@temptoks=\toks45
 (/usr/local/texlive/2024/texmf-dist/tex/generic/pgf/utilities/pgfkeyslibraryfiltered.code.tex
\pgfkeys@tmptoks=\toks46
))
\pgf@x=\dimen278
\pgf@y=\dimen279
\pgf@xa=\dimen280
\pgf@ya=\dimen281
\pgf@xb=\dimen282
\pgf@yb=\dimen283
\pgf@xc=\dimen284
\pgf@yc=\dimen285
\pgf@xd=\dimen286
\pgf@yd=\dimen287
\w@pgf@writea=\write3
\r@pgf@reada=\read3
\c@pgf@counta=\count333
\c@pgf@countb=\count334
\c@pgf@countc=\count335
\c@pgf@countd=\count336
\t@pgf@toka=\toks47
\t@pgf@tokb=\toks48
\t@pgf@tokc=\toks49
\pgf@sys@id@count=\count337
 (/usr/local/texlive/2024/texmf-dist/tex/generic/pgf/systemlayer/pgf.cfg
File: pgf.cfg 2023-01-15 v3.1.10 (3.1.10)
)
Driver file for pgf: pgfsys-pdftex.def
 (/usr/local/texlive/2024/texmf-dist/tex/generic/pgf/systemlayer/pgfsys-pdftex.def
File: pgfsys-pdftex.def 2023-01-15 v3.1.10 (3.1.10)
 (/usr/local/texlive/2024/texmf-dist/tex/generic/pgf/systemlayer/pgfsys-common-pdf.def
File: pgfsys-common-pdf.def 2023-01-15 v3.1.10 (3.1.10)
))) (/usr/local/texlive/2024/texmf-dist/tex/generic/pgf/systemlayer/pgfsyssoftpath.code.tex
File: pgfsyssoftpath.code.tex 2023-01-15 v3.1.10 (3.1.10)
\pgfsyssoftpath@smallbuffer@items=\count338
\pgfsyssoftpath@bigbuffer@items=\count339
) (/usr/local/texlive/2024/texmf-dist/tex/generic/pgf/systemlayer/pgfsysprotocol.code.tex
File: pgfsysprotocol.code.tex 2023-01-15 v3.1.10 (3.1.10)
)) (/usr/local/texlive/2024/texmf-dist/tex/generic/pgf/basiclayer/pgfcore.code.tex
Package: pgfcore 2023-01-15 v3.1.10 (3.1.10)
 (/usr/local/texlive/2024/texmf-dist/tex/generic/pgf/math/pgfmath.code.tex (/usr/local/texlive/2024/texmf-dist/tex/generic/pgf/math/pgfmathutil.code.tex) (/usr/local/texlive/2024/texmf-dist/tex/generic/pgf/math/pgfmathparser.code.tex
\pgfmath@dimen=\dimen288
\pgfmath@count=\count340
\pgfmath@box=\box69
\pgfmath@toks=\toks50
\pgfmath@stack@operand=\toks51
\pgfmath@stack@operation=\toks52
) (/usr/local/texlive/2024/texmf-dist/tex/generic/pgf/math/pgfmathfunctions.code.tex) (/usr/local/texlive/2024/texmf-dist/tex/generic/pgf/math/pgfmathfunctions.basic.code.tex) (/usr/local/texlive/2024/texmf-dist/tex/generic/pgf/math/pgfmathfunctions.trigonometric.code.tex) (/usr/local/texlive/2024/texmf-dist/tex/generic/pgf/math/pgfmathfunctions.random.code.tex) (/usr/local/texlive/2024/texmf-dist/tex/generic/pgf/math/pgfmathfunctions.comparison.code.tex) (/usr/local/texlive/2024/texmf-dist/tex/generic/pgf/math/pgfmathfunctions.base.code.tex) (/usr/local/texlive/2024/texmf-dist/tex/generic/pgf/math/pgfmathfunctions.round.code.tex) (/usr/local/texlive/2024/texmf-dist/tex/generic/pgf/math/pgfmathfunctions.misc.code.tex) (/usr/local/texlive/2024/texmf-dist/tex/generic/pgf/math/pgfmathfunctions.integerarithmetics.code.tex) (/usr/local/texlive/2024/texmf-dist/tex/generic/pgf/math/pgfmathcalc.code.tex) (/usr/local/texlive/2024/texmf-dist/tex/generic/pgf/math/pgfmathfloat.code.tex
\c@pgfmathroundto@lastzeros=\count341
)) (/usr/local/texlive/2024/texmf-dist/tex/generic/pgf/math/pgfint.code.tex) (/usr/local/texlive/2024/texmf-dist/tex/generic/pgf/basiclayer/pgfcorepoints.code.tex
File: pgfcorepoints.code.tex 2023-01-15 v3.1.10 (3.1.10)
\pgf@picminx=\dimen289
\pgf@picmaxx=\dimen290
\pgf@picminy=\dimen291
\pgf@picmaxy=\dimen292
\pgf@pathminx=\dimen293
\pgf@pathmaxx=\dimen294
\pgf@pathminy=\dimen295
\pgf@pathmaxy=\dimen296
\pgf@xx=\dimen297
\pgf@xy=\dimen298
\pgf@yx=\dimen299
\pgf@yy=\dimen300
\pgf@zx=\dimen301
\pgf@zy=\dimen302
) (/usr/local/texlive/2024/texmf-dist/tex/generic/pgf/basiclayer/pgfcorepathconstruct.code.tex
File: pgfcorepathconstruct.code.tex 2023-01-15 v3.1.10 (3.1.10)
\pgf@path@lastx=\dimen303
\pgf@path@lasty=\dimen304
) (/usr/local/texlive/2024/texmf-dist/tex/generic/pgf/basiclayer/pgfcorepathusage.code.tex
File: pgfcorepathusage.code.tex 2023-01-15 v3.1.10 (3.1.10)
\pgf@shorten@end@additional=\dimen305
\pgf@shorten@start@additional=\dimen306
) (/usr/local/texlive/2024/texmf-dist/tex/generic/pgf/basiclayer/pgfcorescopes.code.tex
File: pgfcorescopes.code.tex 2023-01-15 v3.1.10 (3.1.10)
\pgfpic=\box70
\pgf@hbox=\box71
\pgf@layerbox@main=\box72
\pgf@picture@serial@count=\count342
) (/usr/local/texlive/2024/texmf-dist/tex/generic/pgf/basiclayer/pgfcoregraphicstate.code.tex
File: pgfcoregraphicstate.code.tex 2023-01-15 v3.1.10 (3.1.10)
\pgflinewidth=\dimen307
) (/usr/local/texlive/2024/texmf-dist/tex/generic/pgf/basiclayer/pgfcoretransformations.code.tex
File: pgfcoretransformations.code.tex 2023-01-15 v3.1.10 (3.1.10)
\pgf@pt@x=\dimen308
\pgf@pt@y=\dimen309
\pgf@pt@temp=\dimen310
) (/usr/local/texlive/2024/texmf-dist/tex/generic/pgf/basiclayer/pgfcorequick.code.tex
File: pgfcorequick.code.tex 2023-01-15 v3.1.10 (3.1.10)
) (/usr/local/texlive/2024/texmf-dist/tex/generic/pgf/basiclayer/pgfcoreobjects.code.tex
File: pgfcoreobjects.code.tex 2023-01-15 v3.1.10 (3.1.10)
) (/usr/local/texlive/2024/texmf-dist/tex/generic/pgf/basiclayer/pgfcorepathprocessing.code.tex
File: pgfcorepathprocessing.code.tex 2023-01-15 v3.1.10 (3.1.10)
) (/usr/local/texlive/2024/texmf-dist/tex/generic/pgf/basiclayer/pgfcorearrows.code.tex
File: pgfcorearrows.code.tex 2023-01-15 v3.1.10 (3.1.10)
\pgfarrowsep=\dimen311
) (/usr/local/texlive/2024/texmf-dist/tex/generic/pgf/basiclayer/pgfcoreshade.code.tex
File: pgfcoreshade.code.tex 2023-01-15 v3.1.10 (3.1.10)
\pgf@max=\dimen312
\pgf@sys@shading@range@num=\count343
\pgf@shadingcount=\count344
) (/usr/local/texlive/2024/texmf-dist/tex/generic/pgf/basiclayer/pgfcoreimage.code.tex
File: pgfcoreimage.code.tex 2023-01-15 v3.1.10 (3.1.10)
) (/usr/local/texlive/2024/texmf-dist/tex/generic/pgf/basiclayer/pgfcoreexternal.code.tex
File: pgfcoreexternal.code.tex 2023-01-15 v3.1.10 (3.1.10)
\pgfexternal@startupbox=\box73
) (/usr/local/texlive/2024/texmf-dist/tex/generic/pgf/basiclayer/pgfcorelayers.code.tex
File: pgfcorelayers.code.tex 2023-01-15 v3.1.10 (3.1.10)
) (/usr/local/texlive/2024/texmf-dist/tex/generic/pgf/basiclayer/pgfcoretransparency.code.tex
File: pgfcoretransparency.code.tex 2023-01-15 v3.1.10 (3.1.10)
) (/usr/local/texlive/2024/texmf-dist/tex/generic/pgf/basiclayer/pgfcorepatterns.code.tex
File: pgfcorepatterns.code.tex 2023-01-15 v3.1.10 (3.1.10)
) (/usr/local/texlive/2024/texmf-dist/tex/generic/pgf/basiclayer/pgfcorerdf.code.tex
File: pgfcorerdf.code.tex 2023-01-15 v3.1.10 (3.1.10)
))) (/usr/local/texlive/2024/texmf-dist/tex/generic/pgf/modules/pgfmoduleshapes.code.tex
File: pgfmoduleshapes.code.tex 2023-01-15 v3.1.10 (3.1.10)
\pgfnodeparttextbox=\box74
) (/usr/local/texlive/2024/texmf-dist/tex/generic/pgf/modules/pgfmoduleplot.code.tex
File: pgfmoduleplot.code.tex 2023-01-15 v3.1.10 (3.1.10)
) (/usr/local/texlive/2024/texmf-dist/tex/latex/pgf/compatibility/pgfcomp-version-0-65.sty
Package: pgfcomp-version-0-65 2023-01-15 v3.1.10 (3.1.10)
\pgf@nodesepstart=\dimen313
\pgf@nodesepend=\dimen314
) (/usr/local/texlive/2024/texmf-dist/tex/latex/pgf/compatibility/pgfcomp-version-1-18.sty
Package: pgfcomp-version-1-18 2023-01-15 v3.1.10 (3.1.10)
)) (/usr/local/texlive/2024/texmf-dist/tex/latex/pgf/utilities/pgffor.sty (/usr/local/texlive/2024/texmf-dist/tex/latex/pgf/utilities/pgfkeys.sty (/usr/local/texlive/2024/texmf-dist/tex/generic/pgf/utilities/pgfkeys.code.tex)) (/usr/local/texlive/2024/texmf-dist/tex/latex/pgf/math/pgfmath.sty (/usr/local/texlive/2024/texmf-dist/tex/generic/pgf/math/pgfmath.code.tex)) (/usr/local/texlive/2024/texmf-dist/tex/generic/pgf/utilities/pgffor.code.tex
Package: pgffor 2023-01-15 v3.1.10 (3.1.10)
\pgffor@iter=\dimen315
\pgffor@skip=\dimen316
\pgffor@stack=\toks53
\pgffor@toks=\toks54
)) (/usr/local/texlive/2024/texmf-dist/tex/generic/pgf/frontendlayer/tikz/tikz.code.tex
Package: tikz 2023-01-15 v3.1.10 (3.1.10)
 (/usr/local/texlive/2024/texmf-dist/tex/generic/pgf/libraries/pgflibraryplothandlers.code.tex
File: pgflibraryplothandlers.code.tex 2023-01-15 v3.1.10 (3.1.10)
\pgf@plot@mark@count=\count345
\pgfplotmarksize=\dimen317
)
\tikz@lastx=\dimen318
\tikz@lasty=\dimen319
\tikz@lastxsaved=\dimen320
\tikz@lastysaved=\dimen321
\tikz@lastmovetox=\dimen322
\tikz@lastmovetoy=\dimen323
\tikzleveldistance=\dimen324
\tikzsiblingdistance=\dimen325
\tikz@figbox=\box75
\tikz@figbox@bg=\box76
\tikz@tempbox=\box77
\tikz@tempbox@bg=\box78
\tikztreelevel=\count346
\tikznumberofchildren=\count347
\tikznumberofcurrentchild=\count348
\tikz@fig@count=\count349
 (/usr/local/texlive/2024/texmf-dist/tex/generic/pgf/modules/pgfmodulematrix.code.tex
File: pgfmodulematrix.code.tex 2023-01-15 v3.1.10 (3.1.10)
\pgfmatrixcurrentrow=\count350
\pgfmatrixcurrentcolumn=\count351
\pgf@matrix@numberofcolumns=\count352
)
\tikz@expandcount=\count353
 (/usr/local/texlive/2024/texmf-dist/tex/generic/pgf/frontendlayer/tikz/libraries/tikzlibrarytopaths.code.tex
File: tikzlibrarytopaths.code.tex 2023-01-15 v3.1.10 (3.1.10)
))) (/usr/local/texlive/2024/texmf-dist/tex/latex/everypage/everypage.sty
Package: everypage 2020/10/17 R2.0b Hooks to run on every page


Package everypage Warning: Functionality similar to this package has recently
(everypage)                been implemented in LaTeX. This package is now in
(everypage)                legacy status.
(everypage)                Please, don't use it in new documents and packages.


Package everypage Warning: You appear to be running a version of LaTeX
(everypage)                providing the new functionality.
(everypage)                Doing the best to deliver the original `everypage`
(everypage)                interface on top of it. Strict equivalence is
(everypage)                not possible, breakage may occur.
(everypage)                If truly needed, Use `everypage-1x` to force the
(everypage)                loading of an older code base.

)) (/usr/local/texlive/2024/texmf-dist/tex/latex/placeins/placeins.sty
Package: placeins 2005/04/18  v 2.2
) (/usr/local/texlive/2024/texmf-dist/tex/latex/listings/lstlang1.sty
File: lstlang1.sty 2024/02/21 1.10 listings language file
) (/usr/local/texlive/2024/texmf-dist/tex/latex/listings/lstmisc.sty
File: lstmisc.sty 2024/02/21 1.10 (Carsten Heinz)
)
Package hyperref Info: Option `colorlinks' set `true' on input line 113.
 (/usr/local/texlive/2024/texmf-dist/tex/latex/l3backend/l3backend-pdftex.def
File: l3backend-pdftex.def 2024-02-20 L3 backend support: PDF output (pdfTeX)
\l__color_backend_stack_int=\count354
\l__pdf_internal_box=\box79
) (./main.aux
LaTeX Info: Redefining \. on input line 14.
LaTeX Info: Redefining \% on input line 14.
)
\openout1 = `main.aux'.

LaTeX Font Info:    Checking defaults for OML/cmm/m/it on input line 124.
LaTeX Font Info:    ... okay on input line 124.
LaTeX Font Info:    Checking defaults for OMS/cmsy/m/n on input line 124.
LaTeX Font Info:    ... okay on input line 124.
LaTeX Font Info:    Checking defaults for OT1/cmr/m/n on input line 124.
LaTeX Font Info:    ... okay on input line 124.
LaTeX Font Info:    Checking defaults for T1/cmr/m/n on input line 124.
LaTeX Font Info:    ... okay on input line 124.
LaTeX Font Info:    Checking defaults for TS1/cmr/m/n on input line 124.
LaTeX Font Info:    ... okay on input line 124.
LaTeX Font Info:    Checking defaults for OMX/cmex/m/n on input line 124.
LaTeX Font Info:    ... okay on input line 124.
LaTeX Font Info:    Checking defaults for U/cmr/m/n on input line 124.
LaTeX Font Info:    ... okay on input line 124.
LaTeX Font Info:    Checking defaults for PD1/pdf/m/n on input line 124.
LaTeX Font Info:    ... okay on input line 124.
LaTeX Font Info:    Checking defaults for PU/pdf/m/n on input line 124.
LaTeX Font Info:    ... okay on input line 124.
 (/usr/local/texlive/2024/texmf-dist/tex/context/base/mkii/supp-pdf.mkii
[Loading MPS to PDF converter (version 2006.09.02).]
\scratchcounter=\count355
\scratchdimen=\dimen326
\scratchbox=\box80
\nofMPsegments=\count356
\nofMParguments=\count357
\everyMPshowfont=\toks55
\MPscratchCnt=\count358
\MPscratchDim=\dimen327
\MPnumerator=\count359
\makeMPintoPDFobject=\count360
\everyMPtoPDFconversion=\toks56
) (/usr/local/texlive/2024/texmf-dist/tex/latex/epstopdf-pkg/epstopdf-base.sty
Package: epstopdf-base 2020-01-24 v2.11 Base part for package epstopdf
Package epstopdf-base Info: Redefining graphics rule for `.eps' on input line 485.
 (/usr/local/texlive/2024/texmf-dist/tex/latex/latexconfig/epstopdf-sys.cfg
File: epstopdf-sys.cfg 2010/07/13 v1.3 Configuration of (r)epstopdf for TeX Live
))
Package hyperref Info: Link coloring ON on input line 124.
 (./main.out) (./main.out)
\@outlinefile=\write4
\openout4 = `main.out'.


*geometry* driver: auto-detecting
*geometry* detected driver: pdftex
*geometry* verbose mode - [ preamble ] result:
* driver: pdftex
* paper: a4paper
* layout: <same size as paper>
* layoutoffset:(h,v)=(0.0pt,0.0pt)
* modes: 
* h-part:(L,W,R)=(85.35826pt, 426.79135pt, 85.35826pt)
* v-part:(T,H,B)=(71.13188pt, 702.78308pt, 71.13188pt)
* \paperwidth=597.50787pt
* \paperheight=845.04684pt
* \textwidth=426.79135pt
* \textheight=702.78308pt
* \oddsidemargin=13.08827pt
* \evensidemargin=13.08827pt
* \topmargin=-38.1381pt
* \headheight=12.0pt
* \headsep=25.0pt
* \topskip=11.0pt
* \footskip=30.0pt
* \marginparwidth=50.0pt
* \marginparsep=10.0pt
* \columnsep=10.0pt
* \skip\footins=10.0pt plus 4.0pt minus 2.0pt
* \hoffset=0.0pt
* \voffset=0.0pt
* \mag=1000
* \@twocolumnfalse
* \@twosidefalse
* \@mparswitchfalse
* \@reversemarginfalse
* (1in=72.27pt=25.4mm, 1cm=28.453pt)

LaTeX Info: Redefining \. on input line 124.
LaTeX Info: Redefining \% on input line 124.
Package caption Info: Begin \AtBeginDocument code.
Package caption Info: float package is loaded.
Package caption Info: listings package is loaded.
Package caption Info: End \AtBeginDocument code.
\c@lstlisting=\count361
(./portada.tex
LaTeX Font Info:    Trying to load font information for U+msa on input line 14.
 (/usr/local/texlive/2024/texmf-dist/tex/latex/amsfonts/umsa.fd
File: umsa.fd 2013/01/14 v3.01 AMS symbols A
)
LaTeX Font Info:    Trying to load font information for U+msb on input line 14.
 (/usr/local/texlive/2024/texmf-dist/tex/latex/amsfonts/umsb.fd
File: umsb.fd 2013/01/14 v3.01 AMS symbols B
)
<FigurasMemoria/logoTecnun.png, id=131, 211.5102pt x 91.542pt>
File: FigurasMemoria/logoTecnun.png Graphic file (type png)
<use FigurasMemoria/logoTecnun.png>
Package pdftex.def Info: FigurasMemoria/logoTecnun.png  used on input line 16.
(pdftex.def)             Requested size: 128.0374pt x 55.4173pt.

Underfull \hbox (badness 2600) in paragraph at lines 24--31
\OT1/cmr/bx/n/24.88 una lan-za-de-ra elec-tro-
 []


Underfull \hbox (badness 10000) in paragraph at lines 24--31

 []

<FigurasMemoria/imagenPortada.png, id=133, 192.72pt x 127.677pt>
File: FigurasMemoria/imagenPortada.png Graphic file (type png)
<use FigurasMemoria/imagenPortada.png>
Package pdftex.def Info: FigurasMemoria/imagenPortada.png  used on input line 34.
(pdftex.def)             Requested size: 597.50787pt x 395.91342pt.
File: FigurasMemoria/imagenPortada.png Graphic file (type png)
<use FigurasMemoria/imagenPortada.png>
Package pdftex.def Info: FigurasMemoria/imagenPortada.png  used on input line 34.
(pdftex.def)             Requested size: 597.50787pt x 395.91342pt.
[1

{/usr/local/texlive/2024/texmf-var/fonts/map/pdftex/updmap/pdftex.map} <./FigurasMemoria/imagenPortada.png> <./FigurasMemoria/logoTecnun.png>])
pdfTeX warning (ext4): destination with the same identifier (name{page.1}) has been already used, duplicate ignored
<to be read again> 
                   \relax 
l.135 \newpage
               [1] (./Agradecimientos.tex) [2] (./resumen.tex [3{/usr/local/texlive/2024/texmf-dist/fonts/enc/dvips/cm-super/cm-super-ts1.enc}]) [4] (./main.toc
LaTeX Info: Redefining \. on input line 1.
LaTeX Info: Redefining \% on input line 1.
)
\tf@toc=\write5
\openout5 = `main.toc'.

 [5] (./main.lof
LaTeX Info: Redefining \. on input line 1.
LaTeX Info: Redefining \% on input line 1.

Overfull \hbox (5.43013pt too wide) in paragraph at lines 8--8
 [][] [][][]\OT1/cmr/m/n/10.95 Esquema de una bo-bi-na con un n^^Sucleo fe-rro-magn^^Seti-co y su cir-cui-to magn^^Seti- 
 []


Overfull \hbox (5.43013pt too wide) in paragraph at lines 13--13
 [][] [][][]\OT1/cmr/m/n/10.95 Reluctancias en fun-ci^^Son de la po-si-ci^^Son del v^^Sasta-go eva-lua-da co-mo el par^^Same- 
 []

[6])
\tf@lof=\write6
\openout6 = `main.lof'.

 [7] (./main.lot
LaTeX Info: Redefining \. on input line 1.
LaTeX Info: Redefining \% on input line 1.
)
\tf@lot=\write7
\openout7 = `main.lot'.

 [8] (./Intro.tex
<FigurasMemoria/fig1coilgunIntro.jpeg, id=364, 513.92pt x 317.185pt>
File: FigurasMemoria/fig1coilgunIntro.jpeg Graphic file (type jpg)
<use FigurasMemoria/fig1coilgunIntro.jpeg>
Package pdftex.def Info: FigurasMemoria/fig1coilgunIntro.jpeg  used on input line 8.
(pdftex.def)             Requested size: 199.16928pt x 122.92726pt.
 [9 <./FigurasMemoria/fig1coilgunIntro.jpeg>]) (./ObjetivosMetodosMotivacion.tex [10]) [11] (./MarcoTeorico.tex
<FigurasMemoria/amperelaw.jpg, id=396, 1653.17625pt x 1235.61626pt>
File: FigurasMemoria/amperelaw.jpg Graphic file (type jpg)
<use FigurasMemoria/amperelaw.jpg>
Package pdftex.def Info: FigurasMemoria/amperelaw.jpg  used on input line 34.
(pdftex.def)             Requested size: 199.16928pt x 148.85202pt.
 [12]
<FigurasMemoria/integralampere.png, id=406, 1009.7725pt x 603.25375pt>
File: FigurasMemoria/integralampere.png Graphic file (type png)
<use FigurasMemoria/integralampere.png>
Package pdftex.def Info: FigurasMemoria/integralampere.png  used on input line 47.
(pdftex.def)             Requested size: 256.0748pt x 152.98541pt.
 [13 <./FigurasMemoria/amperelaw.jpg> <./FigurasMemoria/integralampere.png>] [14]
<FigurasMemoria/electromagnet.png, id=418, 620.3175pt x 627.34375pt>
File: FigurasMemoria/electromagnet.png Graphic file (type png)
<use FigurasMemoria/electromagnet.png>
Package pdftex.def Info: FigurasMemoria/electromagnet.png  used on input line 95.
(pdftex.def)             Requested size: 170.71652pt x 172.64929pt.
<FigurasMemoria/esquemabasico.png, id=423, 877.2775pt x 612.2875pt>
File: FigurasMemoria/esquemabasico.png Graphic file (type png)
<use FigurasMemoria/esquemabasico.png>
Package pdftex.def Info: FigurasMemoria/esquemabasico.png  used on input line 106.
(pdftex.def)             Requested size: 284.52756pt x 198.58pt.
 [15 <./FigurasMemoria/electromagnet.png> <./FigurasMemoria/esquemabasico.png>]
Underfull \hbox (badness 10000) in paragraph at lines 121--126

 []


Underfull \hbox (badness 10000) in paragraph at lines 132--135

 []


Underfull \hbox (badness 10000) in paragraph at lines 141--144

 []

[16]
<FigurasMemoria/circuitoMagExplicacion.png, id=437, 1312.905pt x 594.22pt>
File: FigurasMemoria/circuitoMagExplicacion.png Graphic file (type png)
<use FigurasMemoria/circuitoMagExplicacion.png>
Package pdftex.def Info: FigurasMemoria/circuitoMagExplicacion.png  used on input line 155.
(pdftex.def)             Requested size: 426.79135pt x 193.16455pt.
) [17 <./FigurasMemoria/circuitoMagExplicacion.png>] (./Analitico.tex
<FigurasMemoria/esquemaDesTeor.jpg, id=445, 1738.495pt x 1113.15875pt>
File: FigurasMemoria/esquemaDesTeor.jpg Graphic file (type jpg)
<use FigurasMemoria/esquemaDesTeor.jpg>
Package pdftex.def Info: FigurasMemoria/esquemaDesTeor.jpg  used on input line 9.
(pdftex.def)             Requested size: 256.0748pt x 163.96019pt.
 [18 <./FigurasMemoria/esquemaDesTeor.jpg>]
<FigurasMemoria/areasFlujo.jpg, id=458, 1608.0075pt x 1607.00375pt>
File: FigurasMemoria/areasFlujo.jpg Graphic file (type jpg)
<use FigurasMemoria/areasFlujo.jpg>
Package pdftex.def Info: FigurasMemoria/areasFlujo.jpg  used on input line 51.
(pdftex.def)             Requested size: 128.0374pt x 127.9499pt.
 [19 <./FigurasMemoria/areasFlujo.jpg>]
<FigurasMemoria/circuitoMag.jpg, id=467, 1491.5725pt x 1213.53375pt>
File: FigurasMemoria/circuitoMag.jpg Graphic file (type jpg)
<use FigurasMemoria/circuitoMag.jpg>
Package pdftex.def Info: FigurasMemoria/circuitoMag.jpg  used on input line 69.
(pdftex.def)             Requested size: 312.9803pt x 254.62741pt.


Package hyperref Warning: Token not allowed in a PDF string (Unicode):
(hyperref)                removing `\mathsurround' on input line 74.


Package hyperref Warning: Token not allowed in a PDF string (Unicode):
(hyperref)                removing `\z@' on input line 74.


Package hyperref Warning: Token not allowed in a PDF string (Unicode):
(hyperref)                removing `superscript' on input line 74.

<FigurasMemoria/calculadora.png, id=468, 1156.32pt x 758.835pt>
File: FigurasMemoria/calculadora.png Graphic file (type png)
<use FigurasMemoria/calculadora.png>
Package pdftex.def Info: FigurasMemoria/calculadora.png  used on input line 80.
(pdftex.def)             Requested size: 426.79135pt x 280.0814pt.
[20 <./FigurasMemoria/circuitoMag.jpg>] [21 <./FigurasMemoria/calculadora.png>]
<FigurasMemoria/calcRsetupBase.jpg, id=483, 2890.8pt x 1453.43pt>
File: FigurasMemoria/calcRsetupBase.jpg Graphic file (type jpg)
<use FigurasMemoria/calcRsetupBase.jpg>
Package pdftex.def Info: FigurasMemoria/calcRsetupBase.jpg  used on input line 103.
(pdftex.def)             Requested size: 426.79135pt x 214.56757pt.
<FigurasMemoria/calcBsetupBase.jpg, id=486, 2890.8pt x 1453.43pt>
File: FigurasMemoria/calcBsetupBase.jpg Graphic file (type jpg)
<use FigurasMemoria/calcBsetupBase.jpg>
Package pdftex.def Info: FigurasMemoria/calcBsetupBase.jpg  used on input line 110.
(pdftex.def)             Requested size: 426.79135pt x 214.56757pt.
<FigurasMemoria/calcFsetupBase.jpg, id=489, 2890.8pt x 1453.43pt>
File: FigurasMemoria/calcFsetupBase.jpg Graphic file (type jpg)
<use FigurasMemoria/calcFsetupBase.jpg>
Package pdftex.def Info: FigurasMemoria/calcFsetupBase.jpg  used on input line 117.
(pdftex.def)             Requested size: 426.79135pt x 214.56757pt.
 [22 <./FigurasMemoria/calcRsetupBase.jpg> <./FigurasMemoria/calcBsetupBase.jpg>]) [23 <./FigurasMemoria/calcFsetupBase.jpg>] (./Simulaciones.tex
<FigurasMemoria/geom3d.png, id=501, 411.03563pt x 607.51968pt>
File: FigurasMemoria/geom3d.png Graphic file (type png)
<use FigurasMemoria/geom3d.png>
Package pdftex.def Info: FigurasMemoria/geom3d.png  used on input line 13.
(pdftex.def)             Requested size: 190.63338pt x 281.7614pt.
<FigurasMemoria/mesh3d.png, id=502, 328.22626pt x 587.94656pt>
File: FigurasMemoria/mesh3d.png Graphic file (type png)
<use FigurasMemoria/mesh3d.png>
Package pdftex.def Info: FigurasMemoria/mesh3d.png  used on input line 20.
(pdftex.def)             Requested size: 199.16928pt x 356.77187pt.
 [24 <./FigurasMemoria/geom3d.png>]
<FigurasMemoria/meshDetail3d.png, id=509, 426.84468pt x 159.59625pt>
File: FigurasMemoria/meshDetail3d.png Graphic file (type png)
<use FigurasMemoria/meshDetail3d.png>
Package pdftex.def Info: FigurasMemoria/meshDetail3d.png  used on input line 26.
(pdftex.def)             Requested size: 256.0748pt x 95.75116pt.
<FigurasMemoria/BarGeom.png, id=510, 575.90157pt x 574.39594pt>
File: FigurasMemoria/BarGeom.png Graphic file (type png)
<use FigurasMemoria/BarGeom.png>
Package pdftex.def Info: FigurasMemoria/BarGeom.png  used on input line 36.
(pdftex.def)             Requested size: 256.0748pt x 255.40817pt.
 [25 <./FigurasMemoria/mesh3d.png> <./FigurasMemoria/meshDetail3d.png>]
<FigurasMemoria/BarGeomMesh.png, id=517, 576.65437pt x 579.66562pt>
File: FigurasMemoria/BarGeomMesh.png Graphic file (type png)
<use FigurasMemoria/BarGeomMesh.png>
Package pdftex.def Info: FigurasMemoria/BarGeomMesh.png  used on input line 43.
(pdftex.def)             Requested size: 256.0748pt x 257.4241pt.
<FigurasMemoria/BarMeshDetail.png, id=518, 916.1728pt x 380.17032pt>
File: FigurasMemoria/BarMeshDetail.png Graphic file (type png)
<use FigurasMemoria/BarMeshDetail.png>
Package pdftex.def Info: FigurasMemoria/BarMeshDetail.png  used on input line 49.
(pdftex.def)             Requested size: 256.0748pt x 106.25552pt.
 [26 <./FigurasMemoria/BarGeom.png> <./FigurasMemoria/BarGeomMesh.png>]
<FigurasMemoria/fields8.PNG, id=527, 1072.75781pt x 655.69969pt>
File: FigurasMemoria/fields8.PNG Graphic file (type png)
<use FigurasMemoria/fields8.PNG>
Package pdftex.def Info: FigurasMemoria/fields8.PNG  used on input line 62.
(pdftex.def)             Requested size: 398.33858pt x 243.47554pt.
 [27 <./FigurasMemoria/BarMeshDetail.png> <./FigurasMemoria/fields8.PNG>]
<FigurasMemoria/fieldsDetail.jpg, id=538, 339.2675pt x 699.61375pt>
File: FigurasMemoria/fieldsDetail.jpg Graphic file (type jpg)
<use FigurasMemoria/fieldsDetail.jpg>
Package pdftex.def Info: FigurasMemoria/fieldsDetail.jpg  used on input line 71.
(pdftex.def)             Requested size: 85.35826pt x 176.01323pt.
<FigurasMemoria/S1CurrentForce.jpg, id=540, 1678.27pt x 691.58376pt>
File: FigurasMemoria/S1CurrentForce.jpg Graphic file (type jpg)
<use FigurasMemoria/S1CurrentForce.jpg>
Package pdftex.def Info: FigurasMemoria/S1CurrentForce.jpg  used on input line 110.
(pdftex.def)             Requested size: 369.88582pt x 152.42326pt.
<FigurasMemoria/S1SpeedPosition.jpg, id=541, 1927.2pt x 1084.05pt>
File: FigurasMemoria/S1SpeedPosition.jpg Graphic file (type jpg)
<use FigurasMemoria/S1SpeedPosition.jpg>
Package pdftex.def Info: FigurasMemoria/S1SpeedPosition.jpg  used on input line 116.
(pdftex.def)             Requested size: 284.52756pt x 160.03659pt.
 [28 <./FigurasMemoria/fieldsDetail.jpg>]
<FigurasMemoria/S2ForceCurrent.jpg, id=548, 1655.18375pt x 647.41875pt>
File: FigurasMemoria/S2ForceCurrent.jpg Graphic file (type jpg)
<use FigurasMemoria/S2ForceCurrent.jpg>
Package pdftex.def Info: FigurasMemoria/S2ForceCurrent.jpg  used on input line 140.
(pdftex.def)             Requested size: 369.88582pt x 144.67505pt.
<FigurasMemoria/S2SpeedPosition.jpg, id=549, 1655.18375pt x 647.41875pt>
File: FigurasMemoria/S2SpeedPosition.jpg Graphic file (type jpg)
<use FigurasMemoria/S2SpeedPosition.jpg>
Package pdftex.def Info: FigurasMemoria/S2SpeedPosition.jpg  used on input line 146.
(pdftex.def)             Requested size: 369.88582pt x 144.67505pt.
 [29 <./FigurasMemoria/S1CurrentForce.jpg> <./FigurasMemoria/S1SpeedPosition.jpg>]
<FigurasMemoria/S3ForceCurrent.jpg, id=554, 1685.29625pt x 840.13875pt>
File: FigurasMemoria/S3ForceCurrent.jpg Graphic file (type jpg)
<use FigurasMemoria/S3ForceCurrent.jpg>
Package pdftex.def Info: FigurasMemoria/S3ForceCurrent.jpg  used on input line 169.
(pdftex.def)             Requested size: 369.88582pt x 184.38242pt.
<FigurasMemoria/S3SpeedPos.jpg, id=555, 1685.29625pt x 840.13875pt>
File: FigurasMemoria/S3SpeedPos.jpg Graphic file (type jpg)
<use FigurasMemoria/S3SpeedPos.jpg>
Package pdftex.def Info: FigurasMemoria/S3SpeedPos.jpg  used on input line 175.
(pdftex.def)             Requested size: 369.88582pt x 184.38242pt.
 [30 <./FigurasMemoria/S2ForceCurrent.jpg> <./FigurasMemoria/S2SpeedPosition.jpg>]) [31 <./FigurasMemoria/S3ForceCurrent.jpg> <./FigurasMemoria/S3SpeedPos.jpg>] (./Prototipo.tex
<FigurasMemoria/prototipoFinal.jpg, id=569, 4047.12pt x 3035.34pt>
File: FigurasMemoria/prototipoFinal.jpg Graphic file (type jpg)
<use FigurasMemoria/prototipoFinal.jpg>
Package pdftex.def Info: FigurasMemoria/prototipoFinal.jpg  used on input line 12.
(pdftex.def)             Requested size: 426.79135pt x 320.08641pt.
 [32 <./FigurasMemoria/prototipoFinal.jpg>]
<FigurasMemoria/dinamometro.jpg, id=574, 4047.12pt x 1209.51875pt>
File: FigurasMemoria/dinamometro.jpg Graphic file (type jpg)
<use FigurasMemoria/dinamometro.jpg>
Package pdftex.def Info: FigurasMemoria/dinamometro.jpg  used on input line 25.
(pdftex.def)             Requested size: 256.0748pt x 76.51752pt.
<FigurasMemoria/perfiles.jpg, id=575, 1864.9675pt x 1172.38pt>
File: FigurasMemoria/perfiles.jpg Graphic file (type jpg)
<use FigurasMemoria/perfiles.jpg>
Package pdftex.def Info: FigurasMemoria/perfiles.jpg  used on input line 38.
(pdftex.def)             Requested size: 170.71652pt x 107.31644pt.
 [33 <./FigurasMemoria/dinamometro.jpg> <./FigurasMemoria/perfiles.jpg>]
<FigurasMemoria/esquemaSensor.png, id=580, 1079.03125pt x 543.02875pt>
File: FigurasMemoria/esquemaSensor.png Graphic file (type png)
<use FigurasMemoria/esquemaSensor.png>
Package pdftex.def Info: FigurasMemoria/esquemaSensor.png  used on input line 56.
(pdftex.def)             Requested size: 284.52756pt x 143.18933pt.
<FigurasMemoria/conexionInterruptor.png, id=581, 874.26625pt x 482.80376pt>
File: FigurasMemoria/conexionInterruptor.png Graphic file (type png)
<use FigurasMemoria/conexionInterruptor.png>
Package pdftex.def Info: FigurasMemoria/conexionInterruptor.png  used on input line 75.
(pdftex.def)             Requested size: 256.0748pt x 141.4166pt.
 [34 <./FigurasMemoria/esquemaSensor.png>]
<FigurasMemoria/esquemaJustDisparo.png, id=587, 820.06375pt x 381.425pt>
File: FigurasMemoria/esquemaJustDisparo.png Graphic file (type png)
<use FigurasMemoria/esquemaJustDisparo.png>
Package pdftex.def Info: FigurasMemoria/esquemaJustDisparo.png  used on input line 84.
(pdftex.def)             Requested size: 284.52756pt x 132.34254pt.
<FigurasMemoria/conexionRele.png, id=588, 1079.03125pt x 599.23875pt>
File: FigurasMemoria/conexionRele.png Graphic file (type png)
<use FigurasMemoria/conexionRele.png>
Package pdftex.def Info: FigurasMemoria/conexionRele.png  used on input line 93.
(pdftex.def)             Requested size: 284.52756pt x 158.01115pt.
 [35 <./FigurasMemoria/conexionInterruptor.png> <./FigurasMemoria/esquemaJustDisparo.png>]
<FigurasMemoria/SSRrelay.jpeg, id=595, 664.4825pt x 803.0pt>
File: FigurasMemoria/SSRrelay.jpeg Graphic file (type jpg)
<use FigurasMemoria/SSRrelay.jpeg>
Package pdftex.def Info: FigurasMemoria/SSRrelay.jpeg  used on input line 103.
(pdftex.def)             Requested size: 113.81102pt x 137.52518pt.
<FigurasMemoria/PRMArelay.jpeg, id=598, 642.4pt x 642.4pt>
File: FigurasMemoria/PRMArelay.jpeg Graphic file (type jpg)
<use FigurasMemoria/PRMArelay.jpeg>
Package pdftex.def Info: FigurasMemoria/PRMArelay.jpeg  used on input line 110.
(pdftex.def)             Requested size: 113.81102pt x 113.80379pt.
 [36 <./FigurasMemoria/conexionRele.png> <./FigurasMemoria/SSRrelay.jpeg> <./FigurasMemoria/PRMArelay.jpeg>]
<FigurasMemoria/divisorTensiones.png, id=608, 885.3075pt x 275.0275pt>
File: FigurasMemoria/divisorTensiones.png Graphic file (type png)
<use FigurasMemoria/divisorTensiones.png>
Package pdftex.def Info: FigurasMemoria/divisorTensiones.png  used on input line 121.
(pdftex.def)             Requested size: 284.52756pt x 88.39249pt.
 [37 <./FigurasMemoria/divisorTensiones.png>]
<FigurasMemoria/esquematicoPCB.png, id=614, 1112.155pt x 531.9875pt>
File: FigurasMemoria/esquematicoPCB.png Graphic file (type png)
<use FigurasMemoria/esquematicoPCB.png>
Package pdftex.def Info: FigurasMemoria/esquematicoPCB.png  used on input line 141.
(pdftex.def)             Requested size: 426.79135pt x 204.15425pt.
<FigurasMemoria/placaPCB.png, id=615, 791.95876pt x 597.23125pt>
File: FigurasMemoria/placaPCB.png Graphic file (type png)
<use FigurasMemoria/placaPCB.png>
Package pdftex.def Info: FigurasMemoria/placaPCB.png  used on input line 150.
(pdftex.def)             Requested size: 355.65944pt x 268.2139pt.
 [38 <./FigurasMemoria/esquematicoPCB.png> <./FigurasMemoria/placaPCB.png>]
<FigurasMemoria/esquemaBobinaREXT.png, id=623, 611.28375pt x 602.25pt>
File: FigurasMemoria/esquemaBobinaREXT.png Graphic file (type png)
<use FigurasMemoria/esquemaBobinaREXT.png>
Package pdftex.def Info: FigurasMemoria/esquemaBobinaREXT.png  used on input line 173.
(pdftex.def)             Requested size: 199.16928pt x 196.22516pt.
 [39 <./FigurasMemoria/esquemaBobinaREXT.png>]
<FigurasMemoria/calculadoraDef.png, id=630, 1159.33125pt x 756.8275pt>
File: FigurasMemoria/calculadoraDef.png Graphic file (type png)
<use FigurasMemoria/calculadoraDef.png>
Package pdftex.def Info: FigurasMemoria/calculadoraDef.png  used on input line 206.
(pdftex.def)             Requested size: 270.30118pt x 176.45714pt.
) [40 <./FigurasMemoria/calculadoraDef.png>] (./Resultados.tex
File: FigurasMemoria/S3ForceCurrent.jpg Graphic file (type jpg)
<use FigurasMemoria/S3ForceCurrent.jpg>
Package pdftex.def Info: FigurasMemoria/S3ForceCurrent.jpg  used on input line 16.
(pdftex.def)             Requested size: 362.77525pt x 180.84424pt.
File: FigurasMemoria/calcFsetupBase.jpg Graphic file (type jpg)
<use FigurasMemoria/calcFsetupBase.jpg>
Package pdftex.def Info: FigurasMemoria/calcFsetupBase.jpg  used on input line 21.
(pdftex.def)             Requested size: 384.1096pt x 193.1219pt.
 [41] [42]
*geometry* verbose mode - [ newgeometry ] result:
* driver: pdftex
* paper: a4paper
* layout: <same size as paper>
* layoutoffset:(h,v)=(0.0pt,0.0pt)
* modes: 
* h-part:(L,W,R)=(42.67912pt, 512.14963pt, 42.67912pt)
* v-part:(T,H,B)=(71.13188pt, 702.78308pt, 71.13188pt)
* \paperwidth=597.50787pt
* \paperheight=845.04684pt
* \textwidth=512.14963pt
* \textheight=702.78308pt
* \oddsidemargin=-29.59087pt
* \evensidemargin=-29.59087pt
* \topmargin=-38.1381pt
* \headheight=12.0pt
* \headsep=25.0pt
* \topskip=11.0pt
* \footskip=30.0pt
* \marginparwidth=50.0pt
* \marginparsep=10.0pt
* \columnsep=10.0pt
* \skip\footins=10.0pt plus 4.0pt minus 2.0pt
* \hoffset=0.0pt
* \voffset=0.0pt
* \mag=1000
* \@twocolumnfalse
* \@twosidefalse
* \@mparswitchfalse
* \@reversemarginfalse
* (1in=72.27pt=25.4mm, 1cm=28.453pt)

 [43

]) (./Practica.tex [44

]
Underfull \hbox (badness 10000) in paragraph at lines 43--50

 []


Underfull \hbox (badness 10000) in paragraph at lines 43--50

 []

[45]
File: FigurasMemoria/electromagnet.png Graphic file (type png)
<use FigurasMemoria/electromagnet.png>
Package pdftex.def Info: FigurasMemoria/electromagnet.png  used on input line 55.
(pdftex.def)             Requested size: 170.71652pt x 172.64929pt.
 [46]
File: FigurasMemoria/esquemaDesTeor.jpg Graphic file (type jpg)
<use FigurasMemoria/esquemaDesTeor.jpg>
Package pdftex.def Info: FigurasMemoria/esquemaDesTeor.jpg  used on input line 87.
(pdftex.def)             Requested size: 284.52756pt x 182.16855pt.
 [47]
<FigurasMemoria/calculadoraSinPista.png, id=698, 1159.33125pt x 756.8275pt>
File: FigurasMemoria/calculadoraSinPista.png Graphic file (type png)
<use FigurasMemoria/calculadoraSinPista.png>
Package pdftex.def Info: FigurasMemoria/calculadoraSinPista.png  used on input line 149.
(pdftex.def)             Requested size: 199.16928pt x 130.01012pt.
 [48 <./FigurasMemoria/calculadoraSinPista.png>]
<FigurasMemoria/grafReluctPractica.png, id=705, 915.42pt x 542.025pt>
File: FigurasMemoria/grafReluctPractica.png Graphic file (type png)
<use FigurasMemoria/grafReluctPractica.png>
Package pdftex.def Info: FigurasMemoria/grafReluctPractica.png  used on input line 158.
(pdftex.def)             Requested size: 320.0935pt x 189.52963pt.
<FigurasMemoria/grafInducPractica.png, id=706, 911.405pt x 544.0325pt>
File: FigurasMemoria/grafInducPractica.png Graphic file (type png)
<use FigurasMemoria/grafInducPractica.png>
Package pdftex.def Info: FigurasMemoria/grafInducPractica.png  used on input line 165.
(pdftex.def)             Requested size: 320.0935pt x 191.07002pt.
<FigurasMemoria/grafFuerzaPractica.png, id=707, 908.39375pt x 539.01375pt>
File: FigurasMemoria/grafFuerzaPractica.png Graphic file (type png)
<use FigurasMemoria/grafFuerzaPractica.png>
Package pdftex.def Info: FigurasMemoria/grafFuerzaPractica.png  used on input line 172.
(pdftex.def)             Requested size: 320.0935pt x 189.93245pt.
<FigurasMemoria/prototipoFinalPractica.jpg, id=708, 4047.12pt x 3035.34pt>
File: FigurasMemoria/prototipoFinalPractica.jpg Graphic file (type jpg)
<use FigurasMemoria/prototipoFinalPractica.jpg>
Package pdftex.def Info: FigurasMemoria/prototipoFinalPractica.jpg  used on input line 183.
(pdftex.def)             Requested size: 284.52756pt x 213.3755pt.
 [49 <./FigurasMemoria/grafReluctPractica.png> <./FigurasMemoria/grafInducPractica.png> <./FigurasMemoria/grafFuerzaPractica.png>] [50 <./FigurasMemoria/prototipoFinalPractica.jpg>] [51] [52]
File: FigurasMemoria/grafFuerzaPractica.png Graphic file (type png)
<use FigurasMemoria/grafFuerzaPractica.png>
Package pdftex.def Info: FigurasMemoria/grafFuerzaPractica.png  used on input line 300.
(pdftex.def)             Requested size: 320.0935pt x 189.93245pt.
) [53] (./Conclusiones.tex) [54] (./main.bbl) [55] (./anexo1.tex [56]
LaTeX Font Info:    Trying to load font information for TS1+cmtt on input line 61.
 (/usr/local/texlive/2024/texmf-dist/tex/latex/base/ts1cmtt.fd
File: ts1cmtt.fd 2023/04/13 v2.5m Standard LaTeX font definitions
)) [57] (./anexo2.tex [58])
<sensorDatasheet.pdf, id=916, 597.23125pt x 845.1575pt>
File: sensorDatasheet.pdf Graphic file (type pdf)
<use sensorDatasheet.pdf>
Package pdftex.def Info: sensorDatasheet.pdf  used on input line 201.
(pdftex.def)             Requested size: 597.22978pt x 845.15544pt.
File: sensorDatasheet.pdf Graphic file (type pdf)
<use sensorDatasheet.pdf>
Package pdftex.def Info: sensorDatasheet.pdf  used on input line 201.
(pdftex.def)             Requested size: 597.22978pt x 845.15544pt.
<sensorDatasheet.pdf, id=919, page=1, 597.23125pt x 845.1575pt>
File: sensorDatasheet.pdf Graphic file (type pdf)
<use sensorDatasheet.pdf, page 1>
Package pdftex.def Info: sensorDatasheet.pdf , page1 used on input line 201.
(pdftex.def)             Requested size: 597.22978pt x 845.15544pt.
File: sensorDatasheet.pdf Graphic file (type pdf)
<use sensorDatasheet.pdf, page 1>
Package pdftex.def Info: sensorDatasheet.pdf , page1 used on input line 201.
(pdftex.def)             Requested size: 597.25711pt x 845.19412pt.
 [59]
File: sensorDatasheet.pdf Graphic file (type pdf)
<use sensorDatasheet.pdf, page 1>
Package pdftex.def Info: sensorDatasheet.pdf , page1 used on input line 201.
(pdftex.def)             Requested size: 597.25711pt x 845.19412pt.
File: sensorDatasheet.pdf Graphic file (type pdf)
<use sensorDatasheet.pdf, page 1>
Package pdftex.def Info: sensorDatasheet.pdf , page1 used on input line 201.
(pdftex.def)             Requested size: 597.25711pt x 845.19412pt.
File: sensorDatasheet.pdf Graphic file (type pdf)
<use sensorDatasheet.pdf, page 1>
Package pdftex.def Info: sensorDatasheet.pdf , page1 used on input line 201.
(pdftex.def)             Requested size: 597.25711pt x 845.19412pt.
 [60

 <./sensorDatasheet.pdf>]
<sensorDatasheet.pdf, id=968, page=2, 597.23125pt x 845.1575pt>
File: sensorDatasheet.pdf Graphic file (type pdf)
<use sensorDatasheet.pdf, page 2>
Package pdftex.def Info: sensorDatasheet.pdf , page2 used on input line 201.
(pdftex.def)             Requested size: 597.25711pt x 845.19412pt.
File: sensorDatasheet.pdf Graphic file (type pdf)
<use sensorDatasheet.pdf, page 2>
Package pdftex.def Info: sensorDatasheet.pdf , page2 used on input line 201.
(pdftex.def)             Requested size: 597.25711pt x 845.19412pt.
File: sensorDatasheet.pdf Graphic file (type pdf)
<use sensorDatasheet.pdf, page 2>
Package pdftex.def Info: sensorDatasheet.pdf , page2 used on input line 201.
(pdftex.def)             Requested size: 597.25711pt x 845.19412pt.
 [61

 <./sensorDatasheet.pdf>]
<sensorDatasheet.pdf, id=980, page=3, 597.23125pt x 845.1575pt>
File: sensorDatasheet.pdf Graphic file (type pdf)
<use sensorDatasheet.pdf, page 3>
Package pdftex.def Info: sensorDatasheet.pdf , page3 used on input line 201.
(pdftex.def)             Requested size: 597.25711pt x 845.19412pt.
File: sensorDatasheet.pdf Graphic file (type pdf)
<use sensorDatasheet.pdf, page 3>
Package pdftex.def Info: sensorDatasheet.pdf , page3 used on input line 201.
(pdftex.def)             Requested size: 597.25711pt x 845.19412pt.
File: sensorDatasheet.pdf Graphic file (type pdf)
<use sensorDatasheet.pdf, page 3>
Package pdftex.def Info: sensorDatasheet.pdf , page3 used on input line 201.
(pdftex.def)             Requested size: 597.25711pt x 845.19412pt.
 [62

 <./sensorDatasheet.pdf>]

pdfTeX warning: pdflatex (file ./ssrDatasheet.pdf): PDF inclusion: found PDF version <1.6>, but at most version <1.5> allowed
<ssrDatasheet.pdf, id=989, 597.51233pt x 845.0471pt>
File: ssrDatasheet.pdf Graphic file (type pdf)
<use ssrDatasheet.pdf>
Package pdftex.def Info: ssrDatasheet.pdf  used on input line 202.
(pdftex.def)             Requested size: 597.51086pt x 845.04504pt.


pdfTeX warning: pdflatex (file ./ssrDatasheet.pdf): PDF inclusion: found PDF version <1.6>, but at most version <1.5> allowed
File: ssrDatasheet.pdf Graphic file (type pdf)
<use ssrDatasheet.pdf>
Package pdftex.def Info: ssrDatasheet.pdf  used on input line 202.
(pdftex.def)             Requested size: 597.51086pt x 845.04504pt.


pdfTeX warning: pdflatex (file ./ssrDatasheet.pdf): PDF inclusion: found PDF version <1.6>, but at most version <1.5> allowed


pdfTeX warning: pdflatex (file ./ssrDatasheet.pdf): PDF inclusion: found PDF version <1.6>, but at most version <1.5> allowed
<ssrDatasheet.pdf, id=992, page=1, 597.51233pt x 845.0471pt>
File: ssrDatasheet.pdf Graphic file (type pdf)
<use ssrDatasheet.pdf, page 1>
Package pdftex.def Info: ssrDatasheet.pdf , page1 used on input line 202.
(pdftex.def)             Requested size: 597.51086pt x 845.04504pt.
File: ssrDatasheet.pdf Graphic file (type pdf)
<use ssrDatasheet.pdf, page 1>
Package pdftex.def Info: ssrDatasheet.pdf , page1 used on input line 202.
(pdftex.def)             Requested size: 597.53821pt x 845.08372pt.
File: ssrDatasheet.pdf Graphic file (type pdf)
<use ssrDatasheet.pdf, page 1>
Package pdftex.def Info: ssrDatasheet.pdf , page1 used on input line 202.
(pdftex.def)             Requested size: 597.53821pt x 845.08372pt.
File: ssrDatasheet.pdf Graphic file (type pdf)
<use ssrDatasheet.pdf, page 1>
Package pdftex.def Info: ssrDatasheet.pdf , page1 used on input line 202.
(pdftex.def)             Requested size: 597.53821pt x 845.08372pt.
File: ssrDatasheet.pdf Graphic file (type pdf)
<use ssrDatasheet.pdf, page 1>
Package pdftex.def Info: ssrDatasheet.pdf , page1 used on input line 202.
(pdftex.def)             Requested size: 597.53821pt x 845.08372pt.
[63

 <./ssrDatasheet.pdf>]

pdfTeX warning: pdflatex (file ./ssrDatasheet.pdf): PDF inclusion: found PDF version <1.6>, but at most version <1.5> allowed
<ssrDatasheet.pdf, id=1052, page=2, 597.51233pt x 845.0471pt>
File: ssrDatasheet.pdf Graphic file (type pdf)
<use ssrDatasheet.pdf, page 2>
Package pdftex.def Info: ssrDatasheet.pdf , page2 used on input line 202.
(pdftex.def)             Requested size: 597.53821pt x 845.08372pt.
File: ssrDatasheet.pdf Graphic file (type pdf)
<use ssrDatasheet.pdf, page 2>
Package pdftex.def Info: ssrDatasheet.pdf , page2 used on input line 202.
(pdftex.def)             Requested size: 597.53821pt x 845.08372pt.
File: ssrDatasheet.pdf Graphic file (type pdf)
<use ssrDatasheet.pdf, page 2>
Package pdftex.def Info: ssrDatasheet.pdf , page2 used on input line 202.
(pdftex.def)             Requested size: 597.53821pt x 845.08372pt.
[64

 <./ssrDatasheet.pdf>]

pdfTeX warning: pdflatex (file ./ssrDatasheet.pdf): PDF inclusion: found PDF version <1.6>, but at most version <1.5> allowed
<ssrDatasheet.pdf, id=1075, page=3, 597.51233pt x 845.0471pt>
File: ssrDatasheet.pdf Graphic file (type pdf)
<use ssrDatasheet.pdf, page 3>
Package pdftex.def Info: ssrDatasheet.pdf , page3 used on input line 202.
(pdftex.def)             Requested size: 597.53821pt x 845.08372pt.
File: ssrDatasheet.pdf Graphic file (type pdf)
<use ssrDatasheet.pdf, page 3>
Package pdftex.def Info: ssrDatasheet.pdf , page3 used on input line 202.
(pdftex.def)             Requested size: 597.53821pt x 845.08372pt.
File: ssrDatasheet.pdf Graphic file (type pdf)
<use ssrDatasheet.pdf, page 3>
Package pdftex.def Info: ssrDatasheet.pdf , page3 used on input line 202.
(pdftex.def)             Requested size: 597.53821pt x 845.08372pt.
[65

 <./ssrDatasheet.pdf>]

pdfTeX warning: pdflatex (file ./ssrDatasheet.pdf): PDF inclusion: found PDF version <1.6>, but at most version <1.5> allowed
<ssrDatasheet.pdf, id=1089, page=4, 597.51233pt x 845.0471pt>
File: ssrDatasheet.pdf Graphic file (type pdf)
<use ssrDatasheet.pdf, page 4>
Package pdftex.def Info: ssrDatasheet.pdf , page4 used on input line 202.
(pdftex.def)             Requested size: 597.53821pt x 845.08372pt.
File: ssrDatasheet.pdf Graphic file (type pdf)
<use ssrDatasheet.pdf, page 4>
Package pdftex.def Info: ssrDatasheet.pdf , page4 used on input line 202.
(pdftex.def)             Requested size: 597.53821pt x 845.08372pt.
File: ssrDatasheet.pdf Graphic file (type pdf)
<use ssrDatasheet.pdf, page 4>
Package pdftex.def Info: ssrDatasheet.pdf , page4 used on input line 202.
(pdftex.def)             Requested size: 597.53821pt x 845.08372pt.
[66

 <./ssrDatasheet.pdf>]

pdfTeX warning: pdflatex (file ./ssrDatasheet.pdf): PDF inclusion: found PDF version <1.6>, but at most version <1.5> allowed
<ssrDatasheet.pdf, id=1100, page=5, 597.51233pt x 845.0471pt>
File: ssrDatasheet.pdf Graphic file (type pdf)
<use ssrDatasheet.pdf, page 5>
Package pdftex.def Info: ssrDatasheet.pdf , page5 used on input line 202.
(pdftex.def)             Requested size: 597.53821pt x 845.08372pt.
File: ssrDatasheet.pdf Graphic file (type pdf)
<use ssrDatasheet.pdf, page 5>
Package pdftex.def Info: ssrDatasheet.pdf , page5 used on input line 202.
(pdftex.def)             Requested size: 597.53821pt x 845.08372pt.
File: ssrDatasheet.pdf Graphic file (type pdf)
<use ssrDatasheet.pdf, page 5>
Package pdftex.def Info: ssrDatasheet.pdf , page5 used on input line 202.
(pdftex.def)             Requested size: 597.53821pt x 845.08372pt.
[67

 <./ssrDatasheet.pdf>] (./main.aux
LaTeX Info: Redefining \. on input line 14.
LaTeX Info: Redefining \% on input line 14.
)
 ***********
LaTeX2e <2023-11-01> patch level 1
L3 programming layer <2024-02-20>
 ***********
Package rerunfilecheck Info: File `main.out' has not changed.
(rerunfilecheck)             Checksum: 620ABA62059CBF2F1E8BD7918323A348;6218.
 ) 
Here is how much of TeX's memory you used:
 32277 strings out of 474116
 580119 string characters out of 5743682
 2346187 words of memory out of 5000000
 53696 multiletter control sequences out of 15000+600000
 572688 words of font info for 90 fonts, out of 8000000 for 9000
 1141 hyphenation exceptions out of 8191
 103i,17n,123p,1335b,2455s stack positions out of 10000i,1000n,20000p,200000b,200000s
</usr/local/texlive/2024/texmf-dist/fonts/type1/public/amsfonts/cm/cmbx10.pfb></usr/local/texlive/2024/texmf-dist/fonts/type1/public/amsfonts/cm/cmbx12.pfb></usr/local/texlive/2024/texmf-dist/fonts/type1/public/amsfonts/cm/cmex10.pfb></usr/local/texlive/2024/texmf-dist/fonts/type1/public/amsfonts/cm/cmmi10.pfb></usr/local/texlive/2024/texmf-dist/fonts/type1/public/amsfonts/cm/cmmi6.pfb></usr/local/texlive/2024/texmf-dist/fonts/type1/public/amsfonts/cm/cmmi8.pfb></usr/local/texlive/2024/texmf-dist/fonts/type1/public/amsfonts/cm/cmr10.pfb></usr/local/texlive/2024/texmf-dist/fonts/type1/public/amsfonts/cm/cmr12.pfb></usr/local/texlive/2024/texmf-dist/fonts/type1/public/amsfonts/cm/cmr6.pfb></usr/local/texlive/2024/texmf-dist/fonts/type1/public/amsfonts/cm/cmr8.pfb></usr/local/texlive/2024/texmf-dist/fonts/type1/public/amsfonts/cm/cmsy10.pfb></usr/local/texlive/2024/texmf-dist/fonts/type1/public/amsfonts/cm/cmsy8.pfb></usr/local/texlive/2024/texmf-dist/fonts/type1/public/amsfonts/cm/cmti10.pfb></usr/local/texlive/2024/texmf-dist/fonts/type1/public/amsfonts/cm/cmtt10.pfb></usr/local/texlive/2024/texmf-dist/fonts/type1/public/cm-super/sfbx0800.pfb></usr/local/texlive/2024/texmf-dist/fonts/type1/public/cm-super/sfbx1000.pfb></usr/local/texlive/2024/texmf-dist/fonts/type1/public/cm-super/sfrm0800.pfb></usr/local/texlive/2024/texmf-dist/fonts/type1/public/cm-super/sfrm1095.pfb></usr/local/texlive/2024/texmf-dist/fonts/type1/public/cm-super/sfti1095.pfb></usr/local/texlive/2024/texmf-dist/fonts/type1/public/cm-super/sftt1095.pfb>
Output written on main.pdf (68 pages, 19298067 bytes).
PDF statistics:
 1280 PDF objects out of 1440 (max. 8388607)
 1016 compressed objects within 11 object streams
 356 named destinations out of 1000 (max. 500000)
 571 words of extra memory for PDF output out of 10000 (max. 10000000)

